<?xml version="1.0" encoding="UTF-8"?>
<robot generator="Robot 6.1.1 (Python 3.11.5 on win32)" generated="20230925 17:30:17.180" rpa="false" schemaversion="4">
<suite id="s1" name="Tester" source="C:\Users\Asus\Desktop\tester">
<suite id="s1-s1" name="TestCases" source="C:\Users\Asus\Desktop\tester\TestCases">
<suite id="s1-s1-s1" name="Xpath" source="C:\Users\Asus\Desktop\tester\TestCases\Xpath.robot">
<test id="s1-s1-s1-t1" name="Demo Login" line="8">
<kw name="Open Browser" library="SeleniumLibrary">
<arg>${url}</arg>
<arg>${browser}</arg>
<doc>Opens a new browser instance to the optional ``url``.</doc>
<msg timestamp="20230925 17:30:17.351" level="INFO">Opening browser 'chrome' to base url 'https://petstore.octoperf.com/actions/Catalog.action'.</msg>
<status status="PASS" starttime="20230925 17:30:17.350" endtime="20230925 17:30:19.552"/>
</kw>
<kw name="Maximize Browser Window" library="SeleniumLibrary">
<doc>Maximizes current browser window.</doc>
<status status="PASS" starttime="20230925 17:30:19.552" endtime="20230925 17:30:19.666"/>
</kw>
<kw name="Click Element" library="SeleniumLibrary">
<arg>//area[@alt='Dogs']</arg>
<doc>Click the element identified by ``locator``.</doc>
<msg timestamp="20230925 17:30:19.667" level="INFO">Clicking element '//area[@alt='Dogs']'.</msg>
<status status="PASS" starttime="20230925 17:30:19.667" endtime="20230925 17:30:19.933"/>
</kw>
<kw name="Click Link" library="SeleniumLibrary">
<arg>//a[contains(text(),'K9-RT-01')]</arg>
<doc>Clicks a link identified by ``locator``.</doc>
<msg timestamp="20230925 17:30:19.934" level="INFO">Clicking link '//a[contains(text(),'K9-RT-01')]'.</msg>
<status status="PASS" starttime="20230925 17:30:19.933" endtime="20230925 17:30:20.195"/>
</kw>
<kw name="Click Element" library="SeleniumLibrary">
<arg>//a[contains(text(),'Add to Cart')]</arg>
<doc>Click the element identified by ``locator``.</doc>
<msg timestamp="20230925 17:30:20.196" level="INFO">Clicking element '//a[contains(text(),'Add to Cart')]'.</msg>
<status status="PASS" starttime="20230925 17:30:20.195" endtime="20230925 17:30:20.455"/>
</kw>
<kw name="Click Link" library="SeleniumLibrary">
<arg>//a[contains(text(),'Proceed to Checkout')]</arg>
<doc>Clicks a link identified by ``locator``.</doc>
<msg timestamp="20230925 17:30:20.456" level="INFO">Clicking link '//a[contains(text(),'Proceed to Checkout')]'.</msg>
<status status="PASS" starttime="20230925 17:30:20.456" endtime="20230925 17:30:20.718"/>
</kw>
<kw name="Input Text" library="SeleniumLibrary">
<arg>//input[@name='username']</arg>
<arg>${user}</arg>
<doc>Types the given ``text`` into the text field identified by ``locator``.</doc>
<msg timestamp="20230925 17:30:20.719" level="INFO">Typing text 'j2ee' into text field '//input[@name='username']'.</msg>
<status status="PASS" starttime="20230925 17:30:20.718" endtime="20230925 17:30:20.774"/>
</kw>
<kw name="Click Element" library="SeleniumLibrary">
<arg>//input[@value='Login']</arg>
<doc>Click the element identified by ``locator``.</doc>
<msg timestamp="20230925 17:30:20.775" level="INFO">Clicking element '//input[@value='Login']'.</msg>
<status status="PASS" starttime="20230925 17:30:20.774" endtime="20230925 17:30:21.518"/>
</kw>
<kw name="Click Link" library="SeleniumLibrary">
<arg>//a[contains(text(),'Sign Out')]</arg>
<doc>Clicks a link identified by ``locator``.</doc>
<msg timestamp="20230925 17:30:21.519" level="INFO">Clicking link '//a[contains(text(),'Sign Out')]'.</msg>
<status status="PASS" starttime="20230925 17:30:21.519" endtime="20230925 17:30:21.982"/>
</kw>
<kw name="Sleep" library="BuiltIn">
<arg>2s</arg>
<doc>Pauses the test executed for the given time.</doc>
<msg timestamp="20230925 17:30:23.983" level="INFO">Slept 2 seconds</msg>
<status status="PASS" starttime="20230925 17:30:21.982" endtime="20230925 17:30:23.983"/>
</kw>
<kw name="Close Browser" library="SeleniumLibrary">
<doc>Closes the current browser.</doc>
<status status="PASS" starttime="20230925 17:30:23.984" endtime="20230925 17:30:26.047"/>
</kw>
<status status="PASS" starttime="20230925 17:30:17.350" endtime="20230925 17:30:26.048"/>
</test>
<status status="PASS" starttime="20230925 17:30:17.204" endtime="20230925 17:30:26.050"/>
</suite>
<status status="PASS" starttime="20230925 17:30:17.201" endtime="20230925 17:30:26.052"/>
</suite>
<status status="PASS" starttime="20230925 17:30:17.183" endtime="20230925 17:30:26.053"/>
</suite>
<statistics>
<total>
<stat pass="1" fail="0" skip="0">All Tests</stat>
</total>
<tag>
</tag>
<suite>
<stat pass="1" fail="0" skip="0" id="s1" name="Tester">Tester</stat>
<stat pass="1" fail="0" skip="0" id="s1-s1" name="TestCases">Tester.TestCases</stat>
<stat pass="1" fail="0" skip="0" id="s1-s1-s1" name="Xpath">Tester.TestCases.Xpath</stat>
</suite>
</statistics>
<errors>
</errors>
</robot>
