<?xml version="1.0" encoding="UTF-8"?>
<robot generator="Robot 6.1.1 (Python 3.11.5 on win32)" generated="20230928 17:16:15.585" rpa="false" schemaversion="4">
<suite id="s1" name="Tester" source="C:\Users\Asus\Desktop\tester">
<suite id="s1-s1" name="TestCases" source="C:\Users\Asus\Desktop\tester\TestCases">
<suite id="s1-s1-s1" name="Slider" source="C:\Users\Asus\Desktop\tester\TestCases\Slider.robot">
<test id="s1-s1-s1-t1" name="TC1" line="9">
<kw name="Open Browser" library="SeleniumLibrary">
<arg>${url}</arg>
<arg>${browser}</arg>
<doc>Opens a new browser instance to the optional ``url``.</doc>
<msg timestamp="20230928 17:16:15.755" level="INFO">Opening browser 'chrome' to base url 'https://www.jqueryscript.net/demo/Price-Range-Slider-jQuery-UI/'.</msg>
<status status="PASS" starttime="20230928 17:16:15.754" endtime="20230928 17:16:18.484"/>
</kw>
<kw name="Maximize Browser Window" library="SeleniumLibrary">
<doc>Maximizes current browser window.</doc>
<status status="PASS" starttime="20230928 17:16:18.485" endtime="20230928 17:16:18.601"/>
</kw>
<kw name="Get Horizontal Position" library="SeleniumLibrary">
<var>${x}</var>
<arg>${left}</arg>
<doc>Returns the horizontal position of the element identified by ``locator``.</doc>
<msg timestamp="20230928 17:16:18.621" level="INFO">${x} = 59</msg>
<status status="PASS" starttime="20230928 17:16:18.601" endtime="20230928 17:16:18.621"/>
</kw>
<kw name="Get Vertical Position" library="SeleniumLibrary">
<var>${y}</var>
<arg>${left}</arg>
<doc>Returns the vertical position of the element identified by ``locator``.</doc>
<msg timestamp="20230928 17:16:18.635" level="INFO">${y} = 251</msg>
<status status="PASS" starttime="20230928 17:16:18.621" endtime="20230928 17:16:18.635"/>
</kw>
<kw name="Get Horizontal Position" library="SeleniumLibrary">
<var>${x1}</var>
<arg>${right}</arg>
<doc>Returns the horizontal position of the element identified by ``locator``.</doc>
<msg timestamp="20230928 17:16:18.651" level="INFO">${x1} = 574</msg>
<status status="PASS" starttime="20230928 17:16:18.635" endtime="20230928 17:16:18.653"/>
</kw>
<kw name="Get Vertical Position" library="SeleniumLibrary">
<var>${y1}</var>
<arg>${right}</arg>
<doc>Returns the vertical position of the element identified by ``locator``.</doc>
<msg timestamp="20230928 17:16:18.667" level="INFO">${y1} = 251</msg>
<status status="PASS" starttime="20230928 17:16:18.653" endtime="20230928 17:16:18.667"/>
</kw>
<kw name="Evaluate" library="BuiltIn">
<var>${x}</var>
<arg>${x}+100</arg>
<doc>Evaluates the given expression in Python and returns the result.</doc>
<msg timestamp="20230928 17:16:18.670" level="INFO">${x} = 159</msg>
<status status="PASS" starttime="20230928 17:16:18.669" endtime="20230928 17:16:18.670"/>
</kw>
<kw name="Evaluate" library="BuiltIn">
<var>${x1}</var>
<arg>${x1}-(100+610)</arg>
<doc>Evaluates the given expression in Python and returns the result.</doc>
<msg timestamp="20230928 17:16:18.671" level="INFO">${x1} = -136</msg>
<status status="PASS" starttime="20230928 17:16:18.671" endtime="20230928 17:16:18.671"/>
</kw>
<kw name="Drag And Drop By Offset" library="SeleniumLibrary">
<arg>${left}</arg>
<arg>${x}</arg>
<arg>${y}</arg>
<doc>Drags the element identified with ``locator`` by ``xoffset/yoffset``.</doc>
<status status="PASS" starttime="20230928 17:16:18.671" endtime="20230928 17:16:19.209"/>
</kw>
<kw name="Drag And Drop By Offset" library="SeleniumLibrary">
<arg>${right}</arg>
<arg>${x1}</arg>
<arg>${y1}</arg>
<doc>Drags the element identified with ``locator`` by ``xoffset/yoffset``.</doc>
<status status="PASS" starttime="20230928 17:16:19.209" endtime="20230928 17:16:19.763"/>
</kw>
<kw name="Sleep" library="BuiltIn">
<arg>2s</arg>
<doc>Pauses the test executed for the given time.</doc>
<msg timestamp="20230928 17:16:21.764" level="INFO">Slept 2 seconds</msg>
<status status="PASS" starttime="20230928 17:16:19.763" endtime="20230928 17:16:21.764"/>
</kw>
<kw name="Close Browser" library="SeleniumLibrary">
<doc>Closes the current browser.</doc>
<status status="PASS" starttime="20230928 17:16:21.764" endtime="20230928 17:16:23.860"/>
</kw>
<status status="PASS" starttime="20230928 17:16:15.754" endtime="20230928 17:16:23.860"/>
</test>
<status status="PASS" starttime="20230928 17:16:15.609" endtime="20230928 17:16:23.862"/>
</suite>
<status status="PASS" starttime="20230928 17:16:15.607" endtime="20230928 17:16:23.864"/>
</suite>
<status status="PASS" starttime="20230928 17:16:15.589" endtime="20230928 17:16:23.865"/>
</suite>
<statistics>
<total>
<stat pass="1" fail="0" skip="0">All Tests</stat>
</total>
<tag>
</tag>
<suite>
<stat pass="1" fail="0" skip="0" id="s1" name="Tester">Tester</stat>
<stat pass="1" fail="0" skip="0" id="s1-s1" name="TestCases">Tester.TestCases</stat>
<stat pass="1" fail="0" skip="0" id="s1-s1-s1" name="Slider">Tester.TestCases.Slider</stat>
</suite>
</statistics>
<errors>
</errors>
</robot>
