<?xml version="1.0" encoding="UTF-8"?>
<robot generator="Robot 6.1.1 (Python 3.11.5 on win32)" generated="20230928 15:42:17.356" rpa="false" schemaversion="4">
<suite id="s1" name="Tester" source="C:\Users\Asus\Desktop\tester">
<suite id="s1-s1" name="TestCases" source="C:\Users\Asus\Desktop\tester\TestCases">
<suite id="s1-s1-s1" name="Indeed" source="C:\Users\Asus\Desktop\tester\TestCases\indeed.robot">
<test id="s1-s1-s1-t1" name="TC1" line="8">
<kw name="Open Browser" library="SeleniumLibrary">
<arg>${url}</arg>
<arg>${browser}</arg>
<doc>Opens a new browser instance to the optional ``url``.</doc>
<msg timestamp="20230928 15:42:17.525" level="INFO">Opening browser 'chrome' to base url 'https://th.indeed.com/'.</msg>
<status status="PASS" starttime="20230928 15:42:17.523" endtime="20230928 15:42:19.338"/>
</kw>
<kw name="Maximize Browser Window" library="SeleniumLibrary">
<doc>Maximizes current browser window.</doc>
<status status="PASS" starttime="20230928 15:42:19.339" endtime="20230928 15:42:19.455"/>
</kw>
<kw name="Input Text" library="SeleniumLibrary">
<arg>//input[@id='text-input-what']</arg>
<arg>Software Tester</arg>
<doc>Types the given ``text`` into the text field identified by ``locator``.</doc>
<msg timestamp="20230928 15:42:19.456" level="INFO">Typing text 'Software Tester' into text field '//input[@id='text-input-what']'.</msg>
<status status="PASS" starttime="20230928 15:42:19.455" endtime="20230928 15:42:19.710"/>
</kw>
<kw name="Sleep" library="BuiltIn">
<arg>2s</arg>
<doc>Pauses the test executed for the given time.</doc>
<msg timestamp="20230928 15:42:21.711" level="INFO">Slept 2 seconds</msg>
<status status="PASS" starttime="20230928 15:42:19.711" endtime="20230928 15:42:21.711"/>
</kw>
<kw name="Press Keys" library="SeleniumLibrary">
<arg>//input[@id='text-input-what']</arg>
<arg>CTRL+A+DELETE</arg>
<doc>Simulates the user pressing key(s) to an element or on the active browser.</doc>
<msg timestamp="20230928 15:42:21.712" level="INFO">Sending key(s) ('CTRL+A+DELETE',) to //input[@id='text-input-what'] element.</msg>
<msg timestamp="20230928 15:42:22.006" level="INFO">Pressing special key CONTROL down.</msg>
<msg timestamp="20230928 15:42:22.006" level="INFO">Sending key A</msg>
<msg timestamp="20230928 15:42:22.006" level="INFO">Pressing special key DELETE down.</msg>
<msg timestamp="20230928 15:42:22.007" level="INFO">Releasing special key CONTROL.</msg>
<msg timestamp="20230928 15:42:22.007" level="INFO">Releasing special key DELETE.</msg>
<status status="PASS" starttime="20230928 15:42:21.712" endtime="20230928 15:42:22.016"/>
</kw>
<kw name="Sleep" library="BuiltIn">
<arg>2s</arg>
<doc>Pauses the test executed for the given time.</doc>
<msg timestamp="20230928 15:42:24.018" level="INFO">Slept 2 seconds</msg>
<status status="PASS" starttime="20230928 15:42:22.016" endtime="20230928 15:42:24.018"/>
</kw>
<kw name="Input Text" library="SeleniumLibrary">
<arg>//input[@id='text-input-what']</arg>
<arg>Robot Framework</arg>
<doc>Types the given ``text`` into the text field identified by ``locator``.</doc>
<msg timestamp="20230928 15:42:24.020" level="INFO">Typing text 'Robot Framework' into text field '//input[@id='text-input-what']'.</msg>
<status status="PASS" starttime="20230928 15:42:24.019" endtime="20230928 15:42:24.127"/>
</kw>
<kw name="Sleep" library="BuiltIn">
<arg>2s</arg>
<doc>Pauses the test executed for the given time.</doc>
<msg timestamp="20230928 15:42:26.128" level="INFO">Slept 2 seconds</msg>
<status status="PASS" starttime="20230928 15:42:24.128" endtime="20230928 15:42:26.128"/>
</kw>
<kw name="Input Text" library="SeleniumLibrary">
<arg>//input[@id='text-input-where']</arg>
<arg>Bangkok</arg>
<doc>Types the given ``text`` into the text field identified by ``locator``.</doc>
<msg timestamp="20230928 15:42:26.129" level="INFO">Typing text 'Bangkok' into text field '//input[@id='text-input-where']'.</msg>
<status status="PASS" starttime="20230928 15:42:26.129" endtime="20230928 15:42:26.224"/>
</kw>
<kw name="Sleep" library="BuiltIn">
<arg>2s</arg>
<doc>Pauses the test executed for the given time.</doc>
<msg timestamp="20230928 15:42:28.225" level="INFO">Slept 2 seconds</msg>
<status status="PASS" starttime="20230928 15:42:26.224" endtime="20230928 15:42:28.225"/>
</kw>
<kw name="Click Button" library="SeleniumLibrary">
<arg>//button[contains(text(),'Find jobs')]</arg>
<doc>Clicks the button identified by ``locator``.</doc>
<msg timestamp="20230928 15:42:28.226" level="INFO">Clicking button '//button[contains(text(),'Find jobs')]'.</msg>
<status status="PASS" starttime="20230928 15:42:28.226" endtime="20230928 15:42:29.478"/>
</kw>
<kw name="Get Text" library="SeleniumLibrary">
<var>${job}</var>
<arg>css:div[class^="jobsearch-JobCountAndSortPane-jobCount"]</arg>
<doc>Returns the text value of the element identified by ``locator``.</doc>
<msg timestamp="20230928 15:42:29.501" level="INFO">${job} = 42 jobs</msg>
<status status="PASS" starttime="20230928 15:42:29.479" endtime="20230928 15:42:29.501"/>
</kw>
<kw name="Log To Console" library="BuiltIn">
<arg>${job}</arg>
<doc>Logs the given message to the console.</doc>
<status status="PASS" starttime="20230928 15:42:29.502" endtime="20230928 15:42:29.503"/>
</kw>
<kw name="Close Browser" library="SeleniumLibrary">
<doc>Closes the current browser.</doc>
<status status="PASS" starttime="20230928 15:42:29.503" endtime="20230928 15:42:31.622"/>
</kw>
<status status="PASS" starttime="20230928 15:42:17.523" endtime="20230928 15:42:31.622"/>
</test>
<status status="PASS" starttime="20230928 15:42:17.379" endtime="20230928 15:42:31.625"/>
</suite>
<status status="PASS" starttime="20230928 15:42:17.377" endtime="20230928 15:42:31.627"/>
</suite>
<status status="PASS" starttime="20230928 15:42:17.359" endtime="20230928 15:42:31.628"/>
</suite>
<statistics>
<total>
<stat pass="1" fail="0" skip="0">All Tests</stat>
</total>
<tag>
</tag>
<suite>
<stat pass="1" fail="0" skip="0" id="s1" name="Tester">Tester</stat>
<stat pass="1" fail="0" skip="0" id="s1-s1" name="TestCases">Tester.TestCases</stat>
<stat pass="1" fail="0" skip="0" id="s1-s1-s1" name="Indeed">Tester.TestCases.Indeed</stat>
</suite>
</statistics>
<errors>
</errors>
</robot>
