<?xml version="1.0" encoding="UTF-8"?>
<robot generator="Robot 6.1.1 (Python 3.11.5 on win32)" generated="20230929 18:01:03.436" rpa="false" schemaversion="4">
<suite id="s1" name="Tester" source="C:\Users\Asus\Documents\GitHub\Libary\tester">
<suite id="s1-s1" name="TestCases" source="C:\Users\Asus\Documents\GitHub\Libary\tester\TestCases">
<suite id="s1-s1-s1" name="Bmi" source="C:\Users\Asus\Documents\GitHub\Libary\tester\TestCases\bmi.robot">
<kw name="Launch Browse" type="SETUP">
<kw name="Open Browser" library="SeleniumLibrary">
<arg>${url}</arg>
<arg>${browser}</arg>
<doc>Opens a new browser instance to the optional ``url``.</doc>
<msg timestamp="20230929 18:01:05.379" level="INFO">Opening browser 'chrome' to base url 'https://www.calculator.net/bmi-calculator.html'.</msg>
<status status="PASS" starttime="20230929 18:01:05.377" endtime="20230929 18:01:09.176"/>
</kw>
<kw name="Maximize Browser Window" library="SeleniumLibrary">
<doc>Maximizes current browser window.</doc>
<status status="PASS" starttime="20230929 18:01:09.176" endtime="20230929 18:01:09.316"/>
</kw>
<status status="PASS" starttime="20230929 18:01:05.376" endtime="20230929 18:01:09.316"/>
</kw>
<test id="s1-s1-s1-t1" name="TC1:Test BMI:1" line="13">
<kw name="Verify Calculator Template">
<arg>25</arg>
<arg>m</arg>
<arg>158</arg>
<arg>75</arg>
<arg>Overweight</arg>
<kw name="Input Text" library="SeleniumLibrary">
<arg>//input[@id='cage']</arg>
<arg>${Age}</arg>
<doc>Types the given ``text`` into the text field identified by ``locator``.</doc>
<msg timestamp="20230929 18:01:09.325" level="INFO">Typing text '25' into text field '//input[@id='cage']'.</msg>
<status status="PASS" starttime="20230929 18:01:09.323" endtime="20230929 18:01:09.711"/>
</kw>
<kw name="Execute Javascript" library="SeleniumLibrary">
<arg>document.querySelector('input[value=${Gender}]').click()</arg>
<doc>Executes the given JavaScript code with possible arguments.</doc>
<msg timestamp="20230929 18:01:09.715" level="INFO">Executing JavaScript:
document.querySelector('input[value=m]').click()
Without any arguments.</msg>
<status status="PASS" starttime="20230929 18:01:09.712" endtime="20230929 18:01:09.729"/>
</kw>
<kw name="Input Text" library="SeleniumLibrary">
<arg>//input[@id='cheightmeter']</arg>
<arg>${Height}</arg>
<doc>Types the given ``text`` into the text field identified by ``locator``.</doc>
<msg timestamp="20230929 18:01:09.732" level="INFO">Typing text '158' into text field '//input[@id='cheightmeter']'.</msg>
<status status="PASS" starttime="20230929 18:01:09.731" endtime="20230929 18:01:10.005"/>
</kw>
<kw name="Input Text" library="SeleniumLibrary">
<arg>//input[@id='ckg']</arg>
<arg>${Weight}</arg>
<doc>Types the given ``text`` into the text field identified by ``locator``.</doc>
<msg timestamp="20230929 18:01:10.007" level="INFO">Typing text '75' into text field '//input[@id='ckg']'.</msg>
<status status="PASS" starttime="20230929 18:01:10.006" endtime="20230929 18:01:10.220"/>
</kw>
<kw name="Click Element" library="SeleniumLibrary">
<arg>//input[@value="Calculate"]</arg>
<doc>Click the element identified by ``locator``.</doc>
<msg timestamp="20230929 18:01:10.221" level="INFO">Clicking element '//input[@value="Calculate"]'.</msg>
<status status="PASS" starttime="20230929 18:01:10.220" endtime="20230929 18:01:10.907"/>
</kw>
<kw name="Get Text" library="SeleniumLibrary">
<var>${bmiStatus}</var>
<arg>${location}//font</arg>
<doc>Returns the text value of the element identified by ``locator``.</doc>
<msg timestamp="20230929 18:01:10.955" level="INFO">${bmiStatus} = Overweight</msg>
<status status="PASS" starttime="20230929 18:01:10.907" endtime="20230929 18:01:10.957"/>
</kw>
<kw name="Log To Console" library="BuiltIn">
<arg>${bmiStatus}</arg>
<doc>Logs the given message to the console.</doc>
<status status="PASS" starttime="20230929 18:01:10.957" endtime="20230929 18:01:10.959"/>
</kw>
<kw name="Should Be Equal As Strings" library="BuiltIn">
<arg>${bmiStatus}</arg>
<arg>${status}</arg>
<doc>Fails if objects are unequal after converting them to strings.</doc>
<status status="PASS" starttime="20230929 18:01:10.959" endtime="20230929 18:01:10.961"/>
</kw>
<status status="PASS" starttime="20230929 18:01:09.322" endtime="20230929 18:01:10.961"/>
</kw>
<status status="PASS" starttime="20230929 18:01:09.317" endtime="20230929 18:01:10.962"/>
</test>
<test id="s1-s1-s1-t2" name="TC1:Test BMI:2" line="13">
<kw name="Verify Calculator Template">
<arg>18</arg>
<arg>f</arg>
<arg>160</arg>
<arg>44</arg>
<arg>Underweight</arg>
<kw name="Input Text" library="SeleniumLibrary">
<arg>//input[@id='cage']</arg>
<arg>${Age}</arg>
<doc>Types the given ``text`` into the text field identified by ``locator``.</doc>
<msg timestamp="20230929 18:01:10.970" level="INFO">Typing text '18' into text field '//input[@id='cage']'.</msg>
<status status="PASS" starttime="20230929 18:01:10.968" endtime="20230929 18:01:11.262"/>
</kw>
<kw name="Execute Javascript" library="SeleniumLibrary">
<arg>document.querySelector('input[value=${Gender}]').click()</arg>
<doc>Executes the given JavaScript code with possible arguments.</doc>
<msg timestamp="20230929 18:01:11.264" level="INFO">Executing JavaScript:
document.querySelector('input[value=f]').click()
Without any arguments.</msg>
<status status="PASS" starttime="20230929 18:01:11.263" endtime="20230929 18:01:11.276"/>
</kw>
<kw name="Input Text" library="SeleniumLibrary">
<arg>//input[@id='cheightmeter']</arg>
<arg>${Height}</arg>
<doc>Types the given ``text`` into the text field identified by ``locator``.</doc>
<msg timestamp="20230929 18:01:11.277" level="INFO">Typing text '160' into text field '//input[@id='cheightmeter']'.</msg>
<status status="PASS" starttime="20230929 18:01:11.276" endtime="20230929 18:01:11.476"/>
</kw>
<kw name="Input Text" library="SeleniumLibrary">
<arg>//input[@id='ckg']</arg>
<arg>${Weight}</arg>
<doc>Types the given ``text`` into the text field identified by ``locator``.</doc>
<msg timestamp="20230929 18:01:11.479" level="INFO">Typing text '44' into text field '//input[@id='ckg']'.</msg>
<status status="PASS" starttime="20230929 18:01:11.477" endtime="20230929 18:01:11.656"/>
</kw>
<kw name="Click Element" library="SeleniumLibrary">
<arg>//input[@value="Calculate"]</arg>
<doc>Click the element identified by ``locator``.</doc>
<msg timestamp="20230929 18:01:11.657" level="INFO">Clicking element '//input[@value="Calculate"]'.</msg>
<status status="PASS" starttime="20230929 18:01:11.656" endtime="20230929 18:01:12.229"/>
</kw>
<kw name="Get Text" library="SeleniumLibrary">
<var>${bmiStatus}</var>
<arg>${location}//font</arg>
<doc>Returns the text value of the element identified by ``locator``.</doc>
<msg timestamp="20230929 18:01:12.266" level="INFO">${bmiStatus} = Underweight</msg>
<status status="PASS" starttime="20230929 18:01:12.230" endtime="20230929 18:01:12.267"/>
</kw>
<kw name="Log To Console" library="BuiltIn">
<arg>${bmiStatus}</arg>
<doc>Logs the given message to the console.</doc>
<status status="PASS" starttime="20230929 18:01:12.267" endtime="20230929 18:01:12.269"/>
</kw>
<kw name="Should Be Equal As Strings" library="BuiltIn">
<arg>${bmiStatus}</arg>
<arg>${status}</arg>
<doc>Fails if objects are unequal after converting them to strings.</doc>
<status status="PASS" starttime="20230929 18:01:12.269" endtime="20230929 18:01:12.270"/>
</kw>
<status status="PASS" starttime="20230929 18:01:10.967" endtime="20230929 18:01:12.270"/>
</kw>
<status status="PASS" starttime="20230929 18:01:10.964" endtime="20230929 18:01:12.271"/>
</test>
<test id="s1-s1-s1-t3" name="TC1:Test BMI:3" line="13">
<kw name="Verify Calculator Template">
<arg>30</arg>
<arg>f</arg>
<arg>165</arg>
<arg>55</arg>
<arg>Normal</arg>
<kw name="Input Text" library="SeleniumLibrary">
<arg>//input[@id='cage']</arg>
<arg>${Age}</arg>
<doc>Types the given ``text`` into the text field identified by ``locator``.</doc>
<msg timestamp="20230929 18:01:12.280" level="INFO">Typing text '30' into text field '//input[@id='cage']'.</msg>
<status status="PASS" starttime="20230929 18:01:12.279" endtime="20230929 18:01:12.519"/>
</kw>
<kw name="Execute Javascript" library="SeleniumLibrary">
<arg>document.querySelector('input[value=${Gender}]').click()</arg>
<doc>Executes the given JavaScript code with possible arguments.</doc>
<msg timestamp="20230929 18:01:12.522" level="INFO">Executing JavaScript:
document.querySelector('input[value=f]').click()
Without any arguments.</msg>
<status status="PASS" starttime="20230929 18:01:12.520" endtime="20230929 18:01:12.534"/>
</kw>
<kw name="Input Text" library="SeleniumLibrary">
<arg>//input[@id='cheightmeter']</arg>
<arg>${Height}</arg>
<doc>Types the given ``text`` into the text field identified by ``locator``.</doc>
<msg timestamp="20230929 18:01:12.536" level="INFO">Typing text '165' into text field '//input[@id='cheightmeter']'.</msg>
<status status="PASS" starttime="20230929 18:01:12.534" endtime="20230929 18:01:12.846"/>
</kw>
<kw name="Input Text" library="SeleniumLibrary">
<arg>//input[@id='ckg']</arg>
<arg>${Weight}</arg>
<doc>Types the given ``text`` into the text field identified by ``locator``.</doc>
<msg timestamp="20230929 18:01:12.848" level="INFO">Typing text '55' into text field '//input[@id='ckg']'.</msg>
<status status="PASS" starttime="20230929 18:01:12.847" endtime="20230929 18:01:13.032"/>
</kw>
<kw name="Click Element" library="SeleniumLibrary">
<arg>//input[@value="Calculate"]</arg>
<doc>Click the element identified by ``locator``.</doc>
<msg timestamp="20230929 18:01:13.034" level="INFO">Clicking element '//input[@value="Calculate"]'.</msg>
<status status="PASS" starttime="20230929 18:01:13.033" endtime="20230929 18:01:13.748"/>
</kw>
<kw name="Get Text" library="SeleniumLibrary">
<var>${bmiStatus}</var>
<arg>${location}//font</arg>
<doc>Returns the text value of the element identified by ``locator``.</doc>
<msg timestamp="20230929 18:01:13.787" level="INFO">${bmiStatus} = Normal</msg>
<status status="PASS" starttime="20230929 18:01:13.750" endtime="20230929 18:01:13.788"/>
</kw>
<kw name="Log To Console" library="BuiltIn">
<arg>${bmiStatus}</arg>
<doc>Logs the given message to the console.</doc>
<status status="PASS" starttime="20230929 18:01:13.788" endtime="20230929 18:01:13.790"/>
</kw>
<kw name="Should Be Equal As Strings" library="BuiltIn">
<arg>${bmiStatus}</arg>
<arg>${status}</arg>
<doc>Fails if objects are unequal after converting them to strings.</doc>
<status status="PASS" starttime="20230929 18:01:13.790" endtime="20230929 18:01:13.791"/>
</kw>
<status status="PASS" starttime="20230929 18:01:12.278" endtime="20230929 18:01:13.792"/>
</kw>
<status status="PASS" starttime="20230929 18:01:12.274" endtime="20230929 18:01:13.793"/>
</test>
<kw name="Close Browse" type="TEARDOWN">
<kw name="Close Browser" library="SeleniumLibrary">
<doc>Closes the current browser.</doc>
<status status="PASS" starttime="20230929 18:01:13.797" endtime="20230929 18:01:16.000"/>
</kw>
<status status="PASS" starttime="20230929 18:01:13.796" endtime="20230929 18:01:16.000"/>
</kw>
<status status="PASS" starttime="20230929 18:01:03.496" endtime="20230929 18:01:16.000"/>
</suite>
<status status="PASS" starttime="20230929 18:01:03.490" endtime="20230929 18:01:16.008"/>
</suite>
<status status="PASS" starttime="20230929 18:01:03.446" endtime="20230929 18:01:16.012"/>
</suite>
<statistics>
<total>
<stat pass="3" fail="0" skip="0">All Tests</stat>
</total>
<tag>
</tag>
<suite>
<stat pass="3" fail="0" skip="0" id="s1" name="Tester">Tester</stat>
<stat pass="3" fail="0" skip="0" id="s1-s1" name="TestCases">Tester.TestCases</stat>
<stat pass="3" fail="0" skip="0" id="s1-s1-s1" name="Bmi">Tester.TestCases.Bmi</stat>
</suite>
</statistics>
<errors>
</errors>
</robot>
