<?xml version="1.0" encoding="UTF-8"?>
<robot generator="Robot 6.1.1 (Python 3.11.5 on win32)" generated="20230929 15:50:30.531" rpa="false" schemaversion="4">
<suite id="s1" name="Tester" source="C:\Users\Asus\Documents\GitHub\Libary\tester">
<suite id="s1-s1" name="TestCases" source="C:\Users\Asus\Documents\GitHub\Libary\tester\TestCases">
<suite id="s1-s1-s1" name="TestOrg" source="C:\Users\Asus\Documents\GitHub\Libary\tester\TestCases\TestOrg.robot">
<test id="s1-s1-s1-t1" name="TC:Invalid Login" line="6">
<kw name="Launch Brower" library="Keyword">
<kw name="Open Browser" library="SeleniumLibrary">
<arg>${url}</arg>
<arg>${browser}</arg>
<doc>Opens a new browser instance to the optional ``url``.</doc>
<msg timestamp="20230929 15:50:30.701" level="INFO">Opening browser 'Chrome' to base url 'https://www.saucedemo.com/'.</msg>
<status status="PASS" starttime="20230929 15:50:30.701" endtime="20230929 15:50:33.074"/>
</kw>
<kw name="Maximize Browser Window" library="SeleniumLibrary">
<doc>Maximizes current browser window.</doc>
<status status="PASS" starttime="20230929 15:50:33.074" endtime="20230929 15:50:33.193"/>
</kw>
<status status="PASS" starttime="20230929 15:50:30.700" endtime="20230929 15:50:33.193"/>
</kw>
<kw name="Verify Login" library="Keyword">
<kw name="Title Should Be" library="SeleniumLibrary">
<arg>${title}</arg>
<doc>Verifies that the current page title equals ``title``.</doc>
<msg timestamp="20230929 15:50:33.202" level="INFO">Page title is 'Swag Labs'.</msg>
<status status="PASS" starttime="20230929 15:50:33.194" endtime="20230929 15:50:33.203"/>
</kw>
<status status="PASS" starttime="20230929 15:50:33.194" endtime="20230929 15:50:33.203"/>
</kw>
<kw name="Input Username" library="Keyword">
<arg>standard</arg>
<kw name="Input Text" library="SeleniumLibrary">
<arg>${uName}</arg>
<arg>${user}</arg>
<doc>Types the given ``text`` into the text field identified by ``locator``.</doc>
<msg timestamp="20230929 15:50:33.204" level="INFO">Typing text 'standard' into text field 'css:#user-name'.</msg>
<status status="PASS" starttime="20230929 15:50:33.204" endtime="20230929 15:50:33.344"/>
</kw>
<status status="PASS" starttime="20230929 15:50:33.203" endtime="20230929 15:50:33.344"/>
</kw>
<kw name="Input Password" library="Keyword">
<arg>secret_sauce</arg>
<kw name="Input Text" library="SeleniumLibrary">
<arg>${uPass}</arg>
<arg>${pass}</arg>
<doc>Types the given ``text`` into the text field identified by ``locator``.</doc>
<msg timestamp="20230929 15:50:33.346" level="INFO">Typing text 'secret_sauce' into text field 'css:#password'.</msg>
<status status="PASS" starttime="20230929 15:50:33.345" endtime="20230929 15:50:33.446"/>
</kw>
<status status="PASS" starttime="20230929 15:50:33.345" endtime="20230929 15:50:33.446"/>
</kw>
<kw name="Submit" library="Keyword">
<kw name="Click Button" library="SeleniumLibrary">
<arg>${LogBut}</arg>
<doc>Clicks the button identified by ``locator``.</doc>
<msg timestamp="20230929 15:50:33.448" level="INFO">Clicking button 'css:#login-button'.</msg>
<status status="PASS" starttime="20230929 15:50:33.447" endtime="20230929 15:50:33.526"/>
</kw>
<status status="PASS" starttime="20230929 15:50:33.447" endtime="20230929 15:50:33.527"/>
</kw>
<kw name="Verify Login Error" library="Keyword">
<arg>Epic sadface: Username and password do not match any user in this service</arg>
<kw name="Element Should Contain" library="SeleniumLibrary">
<arg>${VerityLog}</arg>
<arg>${errMsg}</arg>
<doc>Verifies that element ``locator`` contains text ``expected``.</doc>
<msg timestamp="20230929 15:50:33.552" level="INFO">Element 'css:#login_button_container h3' contains text 'Epic sadface: Username and password do not match any user in this service'.</msg>
<status status="PASS" starttime="20230929 15:50:33.527" endtime="20230929 15:50:33.552"/>
</kw>
<status status="PASS" starttime="20230929 15:50:33.527" endtime="20230929 15:50:33.553"/>
</kw>
<kw name="Clear Login" library="Keyword">
<kw name="Clear Element Text" library="SeleniumLibrary">
<arg>${uName}</arg>
<doc>Clears the value of the text-input-element identified by ``locator``.</doc>
<status status="PASS" starttime="20230929 15:50:33.553" endtime="20230929 15:50:33.581"/>
</kw>
<kw name="Clear Element Text" library="SeleniumLibrary">
<arg>${uPass}</arg>
<doc>Clears the value of the text-input-element identified by ``locator``.</doc>
<status status="PASS" starttime="20230929 15:50:33.582" endtime="20230929 15:50:33.610"/>
</kw>
<kw name="Click Element" library="SeleniumLibrary">
<arg>${errorBut}</arg>
<doc>Click the element identified by ``locator``.</doc>
<msg timestamp="20230929 15:50:33.611" level="INFO">Clicking element 'css:button.error-button'.</msg>
<status status="PASS" starttime="20230929 15:50:33.610" endtime="20230929 15:50:33.644"/>
</kw>
<status status="PASS" starttime="20230929 15:50:33.553" endtime="20230929 15:50:33.644"/>
</kw>
<kw name="Browser Close" library="Keyword">
<kw name="Sleep" library="BuiltIn">
<arg>3</arg>
<doc>Pauses the test executed for the given time.</doc>
<msg timestamp="20230929 15:50:36.646" level="INFO">Slept 3 seconds</msg>
<status status="PASS" starttime="20230929 15:50:33.644" endtime="20230929 15:50:36.646"/>
</kw>
<kw name="Close Browser" library="SeleniumLibrary">
<doc>Closes the current browser.</doc>
<status status="PASS" starttime="20230929 15:50:36.647" endtime="20230929 15:50:38.720"/>
</kw>
<status status="PASS" starttime="20230929 15:50:33.644" endtime="20230929 15:50:38.720"/>
</kw>
<status status="PASS" starttime="20230929 15:50:30.699" endtime="20230929 15:50:38.721"/>
</test>
<status status="PASS" starttime="20230929 15:50:30.555" endtime="20230929 15:50:38.723"/>
</suite>
<status status="PASS" starttime="20230929 15:50:30.553" endtime="20230929 15:50:38.724"/>
</suite>
<status status="PASS" starttime="20230929 15:50:30.535" endtime="20230929 15:50:38.726"/>
</suite>
<statistics>
<total>
<stat pass="1" fail="0" skip="0">All Tests</stat>
</total>
<tag>
</tag>
<suite>
<stat pass="1" fail="0" skip="0" id="s1" name="Tester">Tester</stat>
<stat pass="1" fail="0" skip="0" id="s1-s1" name="TestCases">Tester.TestCases</stat>
<stat pass="1" fail="0" skip="0" id="s1-s1-s1" name="TestOrg">Tester.TestCases.TestOrg</stat>
</suite>
</statistics>
<errors>
</errors>
</robot>
